<?xml version="1.0" encoding="UTF-8"?>
<coverage generated="1550224144581" clover="3.2.0">
  <project timestamp="1550224144581" name="All files">
    <metrics statements="34" coveredstatements="34" conditionals="6" coveredconditionals="6" methods="14" coveredmethods="14" elements="54" coveredelements="54" complexity="0" loc="34" ncloc="34" packages="2" files="9" classes="9">
      <package name="components">
        <metrics statements="23" coveredstatements="23" conditionals="2" coveredconditionals="2" methods="11" coveredmethods="11"/>
        <file name="Btn.vue" path="E:\resource\vue__demos\totdoList-with-unit-test\src\components\Btn.vue">
          <metrics statements="1" coveredstatements="1" conditionals="0" coveredconditionals="0" methods="1" coveredmethods="1"/>
          <line num="11" count="1" type="stmt"/>
        </file>
        <file name="Dashboard.vue" path="E:\resource\vue__demos\totdoList-with-unit-test\src\components\Dashboard.vue">
          <metrics statements="10" coveredstatements="10" conditionals="0" coveredconditionals="0" methods="4" coveredmethods="4"/>
          <line num="12" count="1" type="stmt"/>
          <line num="13" count="1" type="stmt"/>
          <line num="14" count="1" type="stmt"/>
          <line num="15" count="1" type="stmt"/>
          <line num="19" count="2" type="stmt"/>
          <line num="33" count="1" type="stmt"/>
          <line num="34" count="1" type="stmt"/>
          <line num="35" count="3" type="stmt"/>
          <line num="37" count="1" type="stmt"/>
          <line num="45" count="1" type="stmt"/>
        </file>
        <file name="Home.vue" path="E:\resource\vue__demos\totdoList-with-unit-test\src\components\Home.vue">
          <metrics statements="2" coveredstatements="2" conditionals="0" coveredconditionals="0" methods="2" coveredmethods="2"/>
          <line num="13" count="2" type="stmt"/>
          <line num="19" count="1" type="stmt"/>
        </file>
        <file name="InputArea.vue" path="E:\resource\vue__demos\totdoList-with-unit-test\src\components\InputArea.vue">
          <metrics statements="1" coveredstatements="1" conditionals="0" coveredconditionals="0" methods="1" coveredmethods="1"/>
          <line num="12" count="1" type="stmt"/>
        </file>
        <file name="TodoItem.vue" path="E:\resource\vue__demos\totdoList-with-unit-test\src\components\TodoItem.vue">
          <metrics statements="6" coveredstatements="6" conditionals="2" coveredconditionals="2" methods="2" coveredmethods="2"/>
          <line num="12" count="2" type="stmt"/>
          <line num="13" count="2" type="stmt"/>
          <line num="18" count="5" type="stmt"/>
          <line num="26" count="2" type="cond" truecount="2" falsecount="0"/>
          <line num="27" count="1" type="stmt"/>
          <line num="29" count="1" type="stmt"/>
        </file>
        <file name="TodoList.vue" path="E:\resource\vue__demos\totdoList-with-unit-test\src\components\TodoList.vue">
          <metrics statements="3" coveredstatements="3" conditionals="0" coveredconditionals="0" methods="1" coveredmethods="1"/>
          <line num="8" count="1" type="stmt"/>
          <line num="9" count="1" type="stmt"/>
          <line num="18" count="1" type="stmt"/>
        </file>
      </package>
      <package name="store">
        <metrics statements="11" coveredstatements="11" conditionals="4" coveredconditionals="4" methods="3" coveredmethods="3"/>
        <file name="getters.js" path="E:\resource\vue__demos\totdoList-with-unit-test\src\store\getters.js">
          <metrics statements="3" coveredstatements="3" conditionals="2" coveredconditionals="2" methods="3" coveredmethods="3"/>
          <line num="2" count="2" type="stmt"/>
          <line num="3" count="2" type="stmt"/>
          <line num="4" count="4" type="cond" truecount="2" falsecount="0"/>
        </file>
        <file name="index.js" path="E:\resource\vue__demos\totdoList-with-unit-test\src\store\index.js">
          <metrics statements="2" coveredstatements="2" conditionals="0" coveredconditionals="0" methods="0" coveredmethods="0"/>
          <line num="5" count="1" type="stmt"/>
          <line num="7" count="1" type="stmt"/>
        </file>
        <file name="mutations.js" path="E:\resource\vue__demos\totdoList-with-unit-test\src\store\mutations.js">
          <metrics statements="6" coveredstatements="6" conditionals="2" coveredconditionals="2" methods="0" coveredmethods="0"/>
          <line num="3" count="1" type="stmt"/>
          <line num="6" count="1" type="stmt"/>
          <line num="9" count="2" type="cond" truecount="2" falsecount="0"/>
          <line num="10" count="1" type="stmt"/>
          <line num="11" count="1" type="stmt"/>
          <line num="13" count="1" type="stmt"/>
        </file>
      </package>
    </metrics>
  </project>
</coverage>
