{"E:\\resource\\vue__demos\\totdoList-with-unit-test\\src\\components\\Btn.vue": {"path":"E:\\resource\\vue__demos\\totdoList-with-unit-test\\src\\components\\Btn.vue","statementMap":{"0":{"start":{"line":11,"column":0},"end":{"line":null,"column":-1}}},"fnMap":{"0":{"name":"clicked","decl":{"start":{"line":10,"column":0},"end":{"line":null,"column":-1}},"loc":{"start":{"line":10,"column":0},"end":{"line":12,"column":0}}}},"branchMap":{},"s":{"0":1},"f":{"0":1},"b":{}}
,"E:\\resource\\vue__demos\\totdoList-with-unit-test\\src\\components\\Dashboard.vue": {"path":"E:\\resource\\vue__demos\\totdoList-with-unit-test\\src\\components\\Dashboard.vue","statementMap":{"0":{"start":{"line":12,"column":0},"end":{"line":null,"column":-1}},"1":{"start":{"line":13,"column":0},"end":{"line":null,"column":-1}},"2":{"start":{"line":14,"column":0},"end":{"line":null,"column":-1}},"3":{"start":{"line":15,"column":0},"end":{"line":null,"column":-1}},"4":{"start":{"line":19,"column":0},"end":{"line":null,"column":-1}},"5":{"start":{"line":33,"column":0},"end":{"line":null,"column":-1}},"6":{"start":{"line":34,"column":0},"end":{"line":36,"column":0}},"7":{"start":{"line":35,"column":0},"end":{"line":null,"column":-1}},"8":{"start":{"line":37,"column":0},"end":{"line":null,"column":-1}},"9":{"start":{"line":45,"column":0},"end":{"line":null,"column":-1}}},"fnMap":{"0":{"name":"data","decl":{"start":{"line":18,"column":0},"end":{"line":null,"column":-1}},"loc":{"start":{"line":18,"column":0},"end":{"line":22,"column":0}}},"1":{"name":"getNewTodo","decl":{"start":{"line":32,"column":0},"end":{"line":null,"column":-1}},"loc":{"start":{"line":32,"column":0},"end":{"line":42,"column":0}}},"2":{"name":"(anonymous_4)","decl":{"start":{"line":34,"column":0},"end":{"line":null,"column":-1}},"loc":{"start":{"line":34,"column":0},"end":{"line":36,"column":0}}},"3":{"name":"onClick","decl":{"start":{"line":44,"column":0},"end":{"line":null,"column":-1}},"loc":{"start":{"line":44,"column":0},"end":{"line":46,"column":0}}}},"branchMap":{},"s":{"0":1,"1":1,"2":1,"3":1,"4":2,"5":1,"6":1,"7":3,"8":1,"9":1},"f":{"0":2,"1":1,"2":3,"3":1},"b":{}}
,"E:\\resource\\vue__demos\\totdoList-with-unit-test\\src\\components\\Home.vue": {"path":"E:\\resource\\vue__demos\\totdoList-with-unit-test\\src\\components\\Home.vue","statementMap":{"0":{"start":{"line":13,"column":0},"end":{"line":null,"column":-1}},"1":{"start":{"line":19,"column":0},"end":{"line":null,"column":-1}}},"fnMap":{"0":{"name":"data","decl":{"start":{"line":12,"column":0},"end":{"line":null,"column":-1}},"loc":{"start":{"line":12,"column":0},"end":{"line":16,"column":0}}},"1":{"name":"goDashboard","decl":{"start":{"line":18,"column":0},"end":{"line":null,"column":-1}},"loc":{"start":{"line":18,"column":0},"end":{"line":20,"column":0}}}},"branchMap":{},"s":{"0":2,"1":1},"f":{"0":2,"1":1},"b":{}}
,"E:\\resource\\vue__demos\\totdoList-with-unit-test\\src\\components\\InputArea.vue": {"path":"E:\\resource\\vue__demos\\totdoList-with-unit-test\\src\\components\\InputArea.vue","statementMap":{"0":{"start":{"line":12,"column":0},"end":{"line":null,"column":-1}}},"fnMap":{"0":{"name":"changeInput","decl":{"start":{"line":11,"column":0},"end":{"line":null,"column":-1}},"loc":{"start":{"line":11,"column":0},"end":{"line":13,"column":0}}}},"branchMap":{},"s":{"0":1},"f":{"0":1},"b":{}}
,"E:\\resource\\vue__demos\\totdoList-with-unit-test\\src\\components\\TodoItem.vue": {"path":"E:\\resource\\vue__demos\\totdoList-with-unit-test\\src\\components\\TodoItem.vue","statementMap":{"0":{"start":{"line":12,"column":0},"end":{"line":null,"column":-1}},"1":{"start":{"line":13,"column":0},"end":{"line":null,"column":-1}},"2":{"start":{"line":18,"column":0},"end":{"line":null,"column":-1}},"3":{"start":{"line":26,"column":0},"end":{"line":30,"column":0}},"4":{"start":{"line":27,"column":0},"end":{"line":null,"column":-1}},"5":{"start":{"line":29,"column":0},"end":{"line":null,"column":-1}}},"fnMap":{"0":{"name":"data","decl":{"start":{"line":17,"column":0},"end":{"line":null,"column":-1}},"loc":{"start":{"line":17,"column":0},"end":{"line":19,"column":0}}},"1":{"name":"onClick","decl":{"start":{"line":25,"column":0},"end":{"line":null,"column":-1}},"loc":{"start":{"line":25,"column":0},"end":{"line":31,"column":0}}}},"branchMap":{"0":{"loc":{"start":{"line":26,"column":0},"end":{"line":30,"column":0}},"type":"if","locations":[{"start":{"line":26,"column":0},"end":{"line":30,"column":0}},{"start":{"line":26,"column":0},"end":{"line":30,"column":0}}]}},"s":{"0":2,"1":2,"2":5,"3":2,"4":1,"5":1},"f":{"0":5,"1":2},"b":{"0":[1,1]}}
,"E:\\resource\\vue__demos\\totdoList-with-unit-test\\src\\components\\TodoList.vue": {"path":"E:\\resource\\vue__demos\\totdoList-with-unit-test\\src\\components\\TodoList.vue","statementMap":{"0":{"start":{"line":8,"column":0},"end":{"line":null,"column":-1}},"1":{"start":{"line":9,"column":0},"end":{"line":null,"column":-1}},"2":{"start":{"line":18,"column":0},"end":{"line":null,"column":-1}}},"fnMap":{"0":{"name":"data","decl":{"start":{"line":17,"column":0},"end":{"line":null,"column":-1}},"loc":{"start":{"line":17,"column":0},"end":{"line":21,"column":0}}}},"branchMap":{},"s":{"0":1,"1":1,"2":1},"f":{"0":1},"b":{}}
,"E:\\resource\\vue__demos\\totdoList-with-unit-test\\src\\store\\getters.js": {"path":"E:\\resource\\vue__demos\\totdoList-with-unit-test\\src\\store\\getters.js","statementMap":{"0":{"start":{"line":2,"column":27},"end":{"line":6,"column":3}},"1":{"start":{"line":3,"column":4},"end":{"line":5,"column":6}},"2":{"start":{"line":4,"column":6},"end":{"line":4,"column":79}}},"fnMap":{"0":{"name":"(anonymous_0)","decl":{"start":{"line":2,"column":18},"end":{"line":2,"column":19}},"loc":{"start":{"line":2,"column":27},"end":{"line":6,"column":3}},"line":2},"1":{"name":"(anonymous_1)","decl":{"start":{"line":2,"column":27},"end":{"line":2,"column":28}},"loc":{"start":{"line":2,"column":37},"end":{"line":6,"column":3}},"line":2},"2":{"name":"(anonymous_2)","decl":{"start":{"line":3,"column":33},"end":{"line":3,"column":34}},"loc":{"start":{"line":3,"column":41},"end":{"line":5,"column":5}},"line":3}},"branchMap":{"0":{"loc":{"start":{"line":4,"column":13},"end":{"line":4,"column":78}},"type":"cond-expr","locations":[{"start":{"line":4,"column":45},"end":{"line":4,"column":49}},{"start":{"line":4,"column":52},"end":{"line":4,"column":78}}],"line":4}},"s":{"0":2,"1":2,"2":4},"f":{"0":2,"1":2,"2":4},"b":{"0":[2,2]},"_coverageSchema":"332fd63041d2c1bcb487cc26dd0d5f7d97098a6c","hash":"28c58a95f3a7d19f551810108b0dfb84afd6e90b"}
,"E:\\resource\\vue__demos\\totdoList-with-unit-test\\src\\store\\index.js": {"path":"E:\\resource\\vue__demos\\totdoList-with-unit-test\\src\\store\\index.js","statementMap":{"0":{"start":{"line":5,"column":0},"end":{"line":5,"column":14}},"1":{"start":{"line":7,"column":14},"end":{"line":25,"column":1}}},"fnMap":{},"branchMap":{},"s":{"0":1,"1":1},"f":{},"b":{},"_coverageSchema":"332fd63041d2c1bcb487cc26dd0d5f7d97098a6c","hash":"3fdeb0ef18f826ef051ee910ff3ade1ae7e1196f"}
,"E:\\resource\\vue__demos\\totdoList-with-unit-test\\src\\store\\mutations.js": {"path":"E:\\resource\\vue__demos\\totdoList-with-unit-test\\src\\store\\mutations.js","statementMap":{"0":{"start":{"line":3,"column":4},"end":{"line":3,"column":32}},"1":{"start":{"line":6,"column":4},"end":{"line":6,"column":36}},"2":{"start":{"line":9,"column":4},"end":{"line":12,"column":5}},"3":{"start":{"line":10,"column":6},"end":{"line":10,"column":23}},"4":{"start":{"line":11,"column":6},"end":{"line":11,"column":18}},"5":{"start":{"line":13,"column":4},"end":{"line":13,"column":44}}},"fnMap":{},"branchMap":{"0":{"loc":{"start":{"line":9,"column":4},"end":{"line":12,"column":5}},"type":"if","locations":[{"start":{"line":9,"column":4},"end":{"line":12,"column":5}},{"start":{"line":9,"column":4},"end":{"line":12,"column":5}}],"line":9}},"s":{"0":1,"1":1,"2":2,"3":1,"4":1,"5":1},"f":{},"b":{"0":[1,1]},"_coverageSchema":"332fd63041d2c1bcb487cc26dd0d5f7d97098a6c","hash":"893101e176e7986ea5e84884a7b8e93f67e45e95"}
}
