TN:
SF:E:\resource\vue__demos\totdoList-with-unit-test\src\components\Btn.vue
FN:10,clicked
FNF:1
FNH:1
FNDA:1,clicked
DA:11,1
LF:1
LH:1
BRF:0
BRH:0
end_of_record
TN:
SF:E:\resource\vue__demos\totdoList-with-unit-test\src\components\Dashboard.vue
FN:18,data
FN:32,getNewTodo
FN:34,(anonymous_4)
FN:44,onClick
FNF:4
FNH:4
FNDA:2,data
FNDA:1,getNewTodo
FNDA:3,(anonymous_4)
FNDA:1,onClick
DA:12,1
DA:13,1
DA:14,1
DA:15,1
DA:19,2
DA:33,1
DA:34,1
DA:35,3
DA:37,1
DA:45,1
LF:10
LH:10
BRF:0
BRH:0
end_of_record
TN:
SF:E:\resource\vue__demos\totdoList-with-unit-test\src\components\Home.vue
FN:12,data
FN:18,goDashboard
FNF:2
FNH:2
FNDA:2,data
FNDA:1,goDashboard
DA:13,2
DA:19,1
LF:2
LH:2
BRF:0
BRH:0
end_of_record
TN:
SF:E:\resource\vue__demos\totdoList-with-unit-test\src\components\InputArea.vue
FN:11,changeInput
FNF:1
FNH:1
FNDA:1,changeInput
DA:12,1
LF:1
LH:1
BRF:0
BRH:0
end_of_record
TN:
SF:E:\resource\vue__demos\totdoList-with-unit-test\src\components\TodoItem.vue
FN:17,data
FN:25,onClick
FNF:2
FNH:2
FNDA:5,data
FNDA:2,onClick
DA:12,2
DA:13,2
DA:18,5
DA:26,2
DA:27,1
DA:29,1
LF:6
LH:6
BRDA:26,0,0,1
BRDA:26,0,1,1
BRF:2
BRH:2
end_of_record
TN:
SF:E:\resource\vue__demos\totdoList-with-unit-test\src\components\TodoList.vue
FN:17,data
FNF:1
FNH:1
FNDA:1,data
DA:8,1
DA:9,1
DA:18,1
LF:3
LH:3
BRF:0
BRH:0
end_of_record
TN:
SF:E:\resource\vue__demos\totdoList-with-unit-test\src\store\getters.js
FN:2,(anonymous_0)
FN:2,(anonymous_1)
FN:3,(anonymous_2)
FNF:3
FNH:3
FNDA:2,(anonymous_0)
FNDA:2,(anonymous_1)
FNDA:4,(anonymous_2)
DA:2,2
DA:3,2
DA:4,4
LF:3
LH:3
BRDA:4,0,0,2
BRDA:4,0,1,2
BRF:2
BRH:2
end_of_record
TN:
SF:E:\resource\vue__demos\totdoList-with-unit-test\src\store\index.js
FNF:0
FNH:0
DA:5,1
DA:7,1
LF:2
LH:2
BRF:0
BRH:0
end_of_record
TN:
SF:E:\resource\vue__demos\totdoList-with-unit-test\src\store\mutations.js
FNF:0
FNH:0
DA:3,1
DA:6,1
DA:9,2
DA:10,1
DA:11,1
DA:13,1
LF:6
LH:6
BRDA:9,0,0,1
BRDA:9,0,1,1
BRF:2
BRH:2
end_of_record
